{
  "RSpec": {
    "coverage": {
      "/Users/AlexNavarrete/Turing/3module/projects/the_pivot/spec/features/visitor_views_specific_company_spec.rb": [
        1,
        null,
        1,
        null,
        1,
        1,
        null,
        1,
        null,
        1,
        null,
        0,
        null,
        0,
        0,
        null,
        0,
        0,
        null,
        0,
        null,
        null,
        null,
        null,
        null
      ],
      "/Users/AlexNavarrete/Turing/3module/projects/the_pivot/spec/rails_helper.rb": [
        null,
        1,
        1,
        null,
        1,
        1,
        1,
        1,
        1,
        null,
        3,
        1,
        null,
        1,
        null,
        1,
        null,
        1,
        1,
        1,
        null,
        null,
        1,
        1,
        1,
        null,
        null,
        null,
        1,
        1,
        1,
        1,
        null
      ],
      "/Users/AlexNavarrete/Turing/3module/projects/the_pivot/config/environment.rb": [
        null,
        1,
        null,
        null,
        1
      ],
      "/Users/AlexNavarrete/Turing/3module/projects/the_pivot/config/application.rb": [
        1,
        null,
        1,
        null,
        1,
        1,
        1,
        1,
        1,
        1,
        1,
        null,
        null,
        null,
        null,
        1,
        null,
        1,
        1,
        null,
        null,
        null,
        null,
        null,
        null,
        null,
        null,
        null,
        null,
        null,
        null,
        null,
        1,
        null,
        null
      ],
      "/Users/AlexNavarrete/Turing/3module/projects/the_pivot/config/boot.rb": [
        1,
        null,
        1
      ],
      "/Users/AlexNavarrete/Turing/3module/projects/the_pivot/config/environments/test.rb": [
        1,
        null,
        null,
        null,
        null,
        null,
        null,
        1,
        null,
        null,
        null,
        null,
        1,
        null,
        null,
        1,
        1,
        null,
        null,
        1,
        1,
        null,
        null,
        1,
        null,
        null,
        1,
        null,
        null,
        null,
        null,
        1,
        null,
        null,
        1,
        null,
        null,
        1,
        null,
        null,
        null,
        null
      ],
      "/Users/AlexNavarrete/Turing/3module/projects/the_pivot/config/initializers/assets.rb": [
        null,
        null,
        null,
        1,
        null,
        null,
        null,
        null,
        null,
        null,
        null
      ],
      "/Users/AlexNavarrete/Turing/3module/projects/the_pivot/config/initializers/backtrace_silencers.rb": [
        null,
        null,
        null,
        null,
        null,
        null,
        null
      ],
      "/Users/AlexNavarrete/Turing/3module/projects/the_pivot/config/initializers/cookies_serializer.rb": [
        null,
        null,
        1
      ],
      "/Users/AlexNavarrete/Turing/3module/projects/the_pivot/config/initializers/filter_parameter_logging.rb": [
        null,
        null,
        null,
        1
      ],
      "/Users/AlexNavarrete/Turing/3module/projects/the_pivot/config/initializers/inflections.rb": [
        null,
        null,
        null,
        null,
        null,
        null,
        null,
        null,
        null,
        null,
        null,
        null,
        null,
        null,
        null,
        null
      ],
      "/Users/AlexNavarrete/Turing/3module/projects/the_pivot/config/initializers/mime_types.rb": [
        null,
        null,
        null,
        null
      ],
      "/Users/AlexNavarrete/Turing/3module/projects/the_pivot/config/initializers/session_store.rb": [
        null,
        null,
        1
      ],
      "/Users/AlexNavarrete/Turing/3module/projects/the_pivot/config/initializers/wrap_parameters.rb": [
        null,
        null,
        null,
        null,
        null,
        null,
        1,
        1,
        null,
        null,
        null,
        null,
        null,
        null
      ],
      "/Users/AlexNavarrete/Turing/3module/projects/the_pivot/spec/factories/companies.rb": [
        1,
        1,
        1,
        1,
        1,
        1,
        1,
        1,
        null,
        null
      ],
      "/Users/AlexNavarrete/Turing/3module/projects/the_pivot/spec/factories/users_jobs.rb": [
        1,
        1,
        1,
        1,
        1,
        1,
        null,
        null
      ],
      "/Users/AlexNavarrete/Turing/3module/projects/the_pivot/config/routes.rb": [
        1,
        1,
        null,
        1,
        1,
        null,
        1,
        1,
        null
      ],
      "/Users/AlexNavarrete/Turing/3module/projects/the_pivot/app/helpers/application_helper.rb": [
        1,
        null
      ],
      "/Users/AlexNavarrete/Turing/3module/projects/the_pivot/spec/support/factories.rb": [
        null,
        null,
        null,
        null,
        null,
        null,
        null,
        null,
        null,
        null,
        null,
        null,
        null,
        null,
        null,
        null,
        null,
        null,
        null,
        null,
        null,
        null,
        null,
        null,
        null,
        null,
        null,
        null,
        null,
        null,
        null,
        null,
        null,
        null,
        null,
        null,
        null,
        null,
        null,
        null,
        null,
        null,
        null,
        null,
        null,
        null,
        null,
        null,
        null,
        null,
        null,
        null,
        null,
        null,
        null,
        null,
        null
      ],
      "/Users/AlexNavarrete/Turing/3module/projects/the_pivot/spec/support/user_helpers.rb": [
        null,
        null,
        null,
        null,
        null,
        null,
        null,
        null,
        null,
        null,
        null,
        null,
        null,
        null,
        null,
        null,
        null,
        null,
        null,
        null,
        null,
        null,
        null,
        null,
        null,
        null,
        null,
        null,
        null,
        null,
        null,
        null,
        null,
        null,
        null,
        null,
        null
      ],
      "/Users/AlexNavarrete/Turing/3module/projects/the_pivot/app/models/company.rb": [
        1,
        null
      ],
      "/Users/AlexNavarrete/Turing/3module/projects/the_pivot/app/controllers/companies_controller.rb": [
        1,
        1,
        1,
        null,
        null
      ],
      "/Users/AlexNavarrete/Turing/3module/projects/the_pivot/app/controllers/application_controller.rb": [
        1,
        null,
        null,
        1,
        1,
        1,
        null,
        1,
        2,
        null,
        null,
        1,
        2,
        null,
        null,
        1,
        2,
        null,
        null,
        null
      ],
      "/Users/AlexNavarrete/Turing/3module/projects/the_pivot/app/models/cart.rb": [
        1,
        1,
        null,
        1,
        2,
        null,
        null,
        1,
        0,
        null,
        null,
        1,
        0,
        null,
        null,
        1,
        0,
        null,
        null,
        1,
        0,
        null,
        null,
        1,
        0,
        null,
        null,
        1,
        0,
        null,
        null,
        null
      ],
      "/Users/AlexNavarrete/Turing/3module/projects/the_pivot/app/models/city.rb": [
        1,
        1,
        null,
        1,
        1,
        null,
        1,
        null,
        1,
        0,
        null,
        null,
        1,
        0,
        null,
        null,
        1,
        0,
        0,
        null,
        null,
        1,
        0,
        null,
        null,
        null
      ]
    },
    "timestamp": 1462977874
  }
}
